[0m06:06:18.315299 [debug] [MainThread]: Sending event: {'category': 'dbt', 'action': 'invocation', 'label': 'start', 'context': [<snowplow_tracker.self_describing_json.SelfDescribingJson object at 0x7f86d392e920>, <snowplow_tracker.self_describing_json.SelfDescribingJson object at 0x7f86d40c8df0>, <snowplow_tracker.self_describing_json.SelfDescribingJson object at 0x7f86d40c8d90>]}


============================== 06:06:18.323387 | 0bfdfb8f-83ce-4a8d-8bd3-7b9b1c5bea73 ==============================
[0m06:06:18.323387 [info ] [MainThread]: Running with dbt=1.7.4
[0m06:06:18.324281 [debug] [MainThread]: running dbt with arguments {'printer_width': '80', 'indirect_selection': 'eager', 'write_json': 'True', 'log_cache_events': 'False', 'partial_parse': 'True', 'cache_selected_only': 'False', 'warn_error': 'None', 'fail_fast': 'False', 'profiles_dir': '/home/vscode/.dbt', 'log_path': 'logs', 'debug': 'False', 'version_check': 'True', 'use_colors': 'True', 'use_experimental_parser': 'False', 'no_print': 'None', 'quiet': 'False', 'warn_error_options': 'WarnErrorOptions(include=[], exclude=[])', 'invocation_command': 'dbt init', 'introspect': 'True', 'log_format': 'default', 'target_path': 'None', 'static_parser': 'True', 'send_anonymous_usage_stats': 'True'}
[0m06:06:18.325033 [warn ] [MainThread]: [ConfigFolderDirectory]: Unable to parse dict {'dir': PosixPath('/home/vscode/.dbt')}
[0m06:06:18.325655 [info ] [MainThread]: Creating dbt configuration folder at 
[0m06:06:32.745525 [debug] [MainThread]: Starter project path: /home/vscode/.local/lib/python3.10/site-packages/dbt/include/starter_project
[0m06:06:32.749802 [info ] [MainThread]: 
Your new dbt project "coffee_shop_jcuneo" was created!

For more information on how to configure the profiles.yml file,
please consult the dbt documentation here:

  https://docs.getdbt.com/docs/configure-your-profile

One more thing:

Need help? Don't hesitate to reach out to us via GitHub issues or on Slack:

  https://community.getdbt.com/

Happy modeling!

[0m06:06:32.751900 [info ] [MainThread]: Setting up your profile.
[0m06:07:05.563901 [info ] [MainThread]: Profile coffee_shop_jcuneo written to /home/vscode/.dbt/profiles.yml using target's profile_template.yml and your supplied values. Run 'dbt debug' to validate the connection.
[0m06:07:05.565384 [debug] [MainThread]: Resource report: {"command_name": "init", "command_success": true, "command_wall_clock_time": 47.253147, "process_user_time": 2.095778, "process_kernel_time": 0.166762, "process_mem_max_rss": "113204", "process_in_blocks": "2808", "process_out_blocks": "80"}
[0m06:07:05.566159 [debug] [MainThread]: Command `dbt init` succeeded at 06:07:05.565964 after 47.25 seconds
[0m06:07:05.566632 [debug] [MainThread]: Sending event: {'category': 'dbt', 'action': 'invocation', 'label': 'end', 'context': [<snowplow_tracker.self_describing_json.SelfDescribingJson object at 0x7f86d392e920>, <snowplow_tracker.self_describing_json.SelfDescribingJson object at 0x7f86d012b550>, <snowplow_tracker.self_describing_json.SelfDescribingJson object at 0x7f86d0129540>]}
[0m06:07:05.567118 [debug] [MainThread]: Flushing usage events
[0m06:11:25.315073 [debug] [MainThread]: Sending event: {'category': 'dbt', 'action': 'invocation', 'label': 'start', 'context': [<snowplow_tracker.self_describing_json.SelfDescribingJson object at 0x7f77811335e0>, <snowplow_tracker.self_describing_json.SelfDescribingJson object at 0x7f777ef9a410>, <snowplow_tracker.self_describing_json.SelfDescribingJson object at 0x7f777ef9a380>]}


============================== 06:11:25.317679 | bc940b85-eb49-4ec8-8b59-d5acd8d3c06d ==============================
[0m06:11:25.317679 [info ] [MainThread]: Running with dbt=1.7.4
[0m06:11:25.318371 [debug] [MainThread]: running dbt with arguments {'printer_width': '80', 'indirect_selection': 'eager', 'write_json': 'True', 'log_cache_events': 'False', 'partial_parse': 'True', 'cache_selected_only': 'False', 'profiles_dir': '/home/vscode/.dbt', 'version_check': 'True', 'debug': 'False', 'log_path': 'logs', 'fail_fast': 'False', 'warn_error': 'None', 'use_colors': 'True', 'use_experimental_parser': 'False', 'no_print': 'None', 'quiet': 'False', 'warn_error_options': 'WarnErrorOptions(include=[], exclude=[])', 'introspect': 'True', 'invocation_command': 'dbt run', 'log_format': 'default', 'target_path': 'None', 'static_parser': 'True', 'send_anonymous_usage_stats': 'True'}
[0m06:11:25.318940 [error] [MainThread]: Encountered an error:
Runtime Error
  No dbt_project.yml found at expected path /workspaces/ae-club-jcuneo/dbt_project.yml
  Verify that each entry within packages.yml (and their transitive dependencies) contains a file named dbt_project.yml
  
[0m06:11:25.319855 [debug] [MainThread]: Resource report: {"command_name": "run", "command_wall_clock_time": 0.04787702, "process_user_time": 1.965465, "process_kernel_time": 0.147809, "process_mem_max_rss": "91240", "process_out_blocks": "24", "command_success": false, "process_in_blocks": "0"}
[0m06:11:25.320470 [debug] [MainThread]: Command `dbt run` failed at 06:11:25.320319 after 0.05 seconds
[0m06:11:25.320905 [debug] [MainThread]: Sending event: {'category': 'dbt', 'action': 'invocation', 'label': 'end', 'context': [<snowplow_tracker.self_describing_json.SelfDescribingJson object at 0x7f77811335e0>, <snowplow_tracker.self_describing_json.SelfDescribingJson object at 0x7f777ef9a3b0>, <snowplow_tracker.self_describing_json.SelfDescribingJson object at 0x7f777ef9a470>]}
[0m06:11:25.321362 [debug] [MainThread]: Flushing usage events
